<?xml version="1.0" encoding="UTF-8"?>
<testng-results ignored="0" total="1" passed="1" failed="0" skipped="0">
  <reporter-output>
    <line>
      <![CDATA[Opening the Zumic page URL : https://zumic.com/]]>
    </line>
    <line>
      <![CDATA[The User is logged-in to the Zumic : https://zumic.com/]]>
    </line>
    <line>
      <![CDATA[The User is logged-out from the Zumic : https://zumic.com/]]>
    </line>
  </reporter-output>
  <suite started-at="2022-04-07T08:37:34Z" name="Default suite" finished-at="2022-04-07T08:38:41Z" duration-ms="67324">
    <groups>
    </groups>
    <test started-at="2022-04-07T08:37:34Z" name="Default test" finished-at="2022-04-07T08:38:41Z" duration-ms="67324">
      <class name="com.zumic.automation.Practice_Selenium">
        <test-method is-config="true" signature="initialize()[pri:0, instance:com.zumic.automation.Practice_Selenium@6f36c2f0]" started-at="2022-04-07T08:37:33Z" name="initialize" finished-at="2022-04-07T08:37:34Z" duration-ms="431" status="PASS">
          <reporter-output>
          </reporter-output>
        </test-method> <!-- initialize -->
        <test-method is-config="true" signature="doSkip()[pri:0, instance:com.zumic.automation.Practice_Selenium@6f36c2f0]" started-at="2022-04-07T08:37:34Z" name="doSkip" finished-at="2022-04-07T08:37:34Z" duration-ms="45" status="PASS">
          <reporter-output>
          </reporter-output>
        </test-method> <!-- doSkip -->
        <test-method signature="SmokeTestCase(java.lang.String, java.lang.String, java.lang.String, java.lang.String, java.lang.String, java.lang.String, java.lang.String, java.lang.String, java.lang.String, java.lang.String)[pri:0, instance:com.zumic.automation.Practice_Selenium@6f36c2f0]" started-at="2022-04-07T08:37:34Z" name="SmokeTestCase" data-provider="getTestData" finished-at="2022-04-07T08:38:40Z" duration-ms="66176" status="PASS">
          <params>
            <param index="0">
              <value>
                <![CDATA[Login_Smoke_Test_Cases]]>
              </value>
            </param>
            <param index="1">
              <value>
                <![CDATA[https://zumic.com/]]>
              </value>
            </param>
            <param index="2">
              <value>
                <![CDATA[Music]]>
              </value>
            </param>
            <param index="3">
              <value>
                <![CDATA[Best American Music]]>
              </value>
            </param>
            <param index="4">
              <value>
                <![CDATA[@#$)(*09]]>
              </value>
            </param>
            <param index="5">
              <value>
                <![CDATA[T5I*j+]]>
              </value>
            </param>
            <param index="6">
              <value>
                <![CDATA[akash@yopmail.com]]>
              </value>
            </param>
            <param index="7">
              <value>
                <![CDATA[Hashtag1]]>
              </value>
            </param>
            <param index="8">
              <value>
                <![CDATA[Awesome Event]]>
              </value>
            </param>
            <param index="9">
              <value>
                <![CDATA[ New York, NY, USA]]>
              </value>
            </param>
          </params>
          <reporter-output>
            <line>
              <![CDATA[Opening the Zumic page URL : https://zumic.com/]]>
            </line>
            <line>
              <![CDATA[The User is logged-in to the Zumic : https://zumic.com/]]>
            </line>
            <line>
              <![CDATA[The User is logged-out from the Zumic : https://zumic.com/]]>
            </line>
          </reporter-output>
        </test-method> <!-- SmokeTestCase -->
        <test-method is-config="true" signature="preparingToShutDown()[pri:0, instance:com.zumic.automation.Practice_Selenium@6f36c2f0]" started-at="2022-04-07T08:38:40Z" name="preparingToShutDown" finished-at="2022-04-07T08:38:41Z" duration-ms="1076" status="PASS">
          <reporter-output>
          </reporter-output>
        </test-method> <!-- preparingToShutDown -->
      </class> <!-- com.zumic.automation.Practice_Selenium -->
    </test> <!-- Default test -->
  </suite> <!-- Default suite -->
</testng-results>
